<?xml version="1.0" encoding="UTF-8"?>
<testsuites name="TestSuiteDemo1" time="106.214" tests="3" failures="0" errors="0">
   <testsuite name="TestSuiteDemo1" tests="3" failures="0" errors="0" time="106.214" skipped="0" timestamp="12-04-2024T10:15:41" hostname="2227809 - LTIN475584.cts.com" id="Test Suites/TestSuiteDemo1">
      <properties>
         <property name="deviceName" value=""/>
         <property name="devicePlatform" value=""/>
         <property name="logFolder" value="C:\\Users\\2227809\\Katalon Studio\\TrainingDemoProject\\Reports\\20240412_101512\\TestSuiteDemo1\\20240412_101513"/>
         <property name="logFiles" value="C:\\Users\\2227809\\Katalon Studio\\TrainingDemoProject\\Reports\\20240412_101512\\TestSuiteDemo1\\20240412_101513\\execution0.log"/>
         <property name="attachments" value=""/>
         <property name="hostName" value="2227809 - LTIN475584.cts.com"/>
         <property name="os" value="Windows 11 64bit"/>
         <property name="katalonVersion" value="9.4.0.212"/>
         <property name="browser" value="Chrome 120.0.0.0"/>
         <property name="hostAddress" value="192.168.101.7"/>
         <property name="sessionId" value="e263be69d1a54b8b9cf27a3f29ae5180"/>
         <property name="seleniumVersion" value="3.141.59"/>
         <property name="proxyInformation" value="ProxyInformation { proxyOption=NO_PROXY, proxyServerType=HTTP, username=, password=********, proxyServerAddress=, proxyServerPort=0, executionList=&quot;&quot;, isApplyToDesiredCapabilities=true }"/>
         <property name="platform" value="Windows 11"/>
      </properties>
      <testcase name="Test Cases/Demo/RecordDemo" time="33.421" classname="Test Cases/Demo/RecordDemo" status="PASSED">
         <system-out><![CDATA[12-04-2024T10:15:42 - [TEST_CASE][PASSED] - Test Cases/Demo/RecordDemo: Test Cases/Demo/RecordDemo

12-04-2024T10:15:43 - [TEST_STEP][PASSED] - openBrowser(""): Browser is opened with url: ''

12-04-2024T10:15:44 - [MESSAGE][INFO] - Starting 'Chrome' driver

12-04-2024T10:15:44 - [MESSAGE][INFO] - Action delay is set to 0 milliseconds

12-04-2024T10:15:53 - [MESSAGE][PASSED] - Browser is opened with url: ''

12-04-2024T10:15:53 - [TEST_STEP][PASSED] - navigateToUrl("https://katalon-demo-cura.herokuapp.com/"): Navigate to 'https://katalon-demo-cura.herokuapp.com/' successfully

12-04-2024T10:16:01 - [MESSAGE][PASSED] - Navigate to 'https://katalon-demo-cura.herokuapp.com/' successfully

12-04-2024T10:16:01 - [TEST_STEP][PASSED] - click(findTestObject("Object Repository/Page_CURA Healthcare Service/a_Make Appointment")): Object: 'Object Repository/Page_CURA Healthcare Service/a_Make Appointment' is clicked on

12-04-2024T10:16:02 - [MESSAGE][PASSED] - Object: 'Object Repository/Page_CURA Healthcare Service/a_Make Appointment' is clicked on

12-04-2024T10:16:02 - [TEST_STEP][PASSED] - setText(findTestObject("Object Repository/Page_CURA Healthcare Service/input_Username_username"), "John Doe"): Text 'John Doe' is set on object 'Object Repository/Page_CURA Healthcare Service/input_Username_username'

12-04-2024T10:16:04 - [MESSAGE][PASSED] - Text 'John Doe' is set on object 'Object Repository/Page_CURA Healthcare Service/input_Username_username'

12-04-2024T10:16:04 - [TEST_STEP][PASSED] - setEncryptedText(findTestObject("Object Repository/Page_CURA Healthcare Service/input_Password_password"), "g3/DOGG74jC3Flrr3yH+3D/yKbOqqUNM"): Text ****** has been set on object 'Object Repository/Page_CURA Healthcare Service/input_Password_password'

12-04-2024T10:16:04 - [MESSAGE][PASSED] - Text ****** has been set on object 'Object Repository/Page_CURA Healthcare Service/input_Password_password'

12-04-2024T10:16:04 - [TEST_STEP][PASSED] - click(findTestObject("Object Repository/Page_CURA Healthcare Service/button_Login")): Object: 'Object Repository/Page_CURA Healthcare Service/button_Login' is clicked on

12-04-2024T10:16:06 - [MESSAGE][PASSED] - Object: 'Object Repository/Page_CURA Healthcare Service/button_Login' is clicked on

12-04-2024T10:16:06 - [TEST_STEP][PASSED] - selectOptionByValue(findTestObject("Object Repository/Page_CURA Healthcare Service/select_Tokyo CURA Healthcare Center        _5b4107"), "Hongkong CURA Healthcare Center", true): All options with value 'Hongkong CURA Healthcare Center' are selected in object 'Object Repository/Page_CURA Healthcare Service/select_Tokyo CURA Healthcare Center        _5b4107'  using regular expression

12-04-2024T10:16:07 - [MESSAGE][PASSED] - All options with value 'Hongkong CURA Healthcare Center' are selected in object 'Object Repository/Page_CURA Healthcare Service/select_Tokyo CURA Healthcare Center        _5b4107'  using regular expression

12-04-2024T10:16:07 - [TEST_STEP][PASSED] - click(findTestObject("Object Repository/Page_CURA Healthcare Service/input_Apply for hospital readmission_hospit_63901f")): Object: 'Object Repository/Page_CURA Healthcare Service/input_Apply for hospital readmission_hospit_63901f' is clicked on

12-04-2024T10:16:08 - [MESSAGE][PASSED] - Object: 'Object Repository/Page_CURA Healthcare Service/input_Apply for hospital readmission_hospit_63901f' is clicked on

12-04-2024T10:16:08 - [TEST_STEP][PASSED] - click(findTestObject("Object Repository/Page_CURA Healthcare Service/input_Medicaid_programs")): Object: 'Object Repository/Page_CURA Healthcare Service/input_Medicaid_programs' is clicked on

12-04-2024T10:16:09 - [MESSAGE][PASSED] - Object: 'Object Repository/Page_CURA Healthcare Service/input_Medicaid_programs' is clicked on

12-04-2024T10:16:09 - [TEST_STEP][PASSED] - click(findTestObject("Object Repository/Page_CURA Healthcare Service/span_Visit Date (Required)_glyphicon glyphi_cada34")): Object: 'Object Repository/Page_CURA Healthcare Service/span_Visit Date (Required)_glyphicon glyphi_cada34' is clicked on

12-04-2024T10:16:09 - [MESSAGE][PASSED] - Object: 'Object Repository/Page_CURA Healthcare Service/span_Visit Date (Required)_glyphicon glyphi_cada34' is clicked on

12-04-2024T10:16:09 - [TEST_STEP][PASSED] - click(findTestObject("Object Repository/Page_CURA Healthcare Service/td_30")): Object: 'Object Repository/Page_CURA Healthcare Service/td_30' is clicked on

12-04-2024T10:16:10 - [MESSAGE][PASSED] - Object: 'Object Repository/Page_CURA Healthcare Service/td_30' is clicked on

12-04-2024T10:16:10 - [TEST_STEP][PASSED] - setText(findTestObject("Object Repository/Page_CURA Healthcare Service/textarea_Comment_comment"), "This is a sample comment"): Text 'This is a sample comment' is set on object 'Object Repository/Page_CURA Healthcare Service/textarea_Comment_comment'

12-04-2024T10:16:11 - [MESSAGE][PASSED] - Text 'This is a sample comment' is set on object 'Object Repository/Page_CURA Healthcare Service/textarea_Comment_comment'

12-04-2024T10:16:11 - [TEST_STEP][PASSED] - click(findTestObject("Object Repository/Page_CURA Healthcare Service/button_Book Appointment")): Object: 'Object Repository/Page_CURA Healthcare Service/button_Book Appointment' is clicked on

12-04-2024T10:16:12 - [MESSAGE][PASSED] - Object: 'Object Repository/Page_CURA Healthcare Service/button_Book Appointment' is clicked on

12-04-2024T10:16:12 - [TEST_STEP][PASSED] - verifyElementText(findTestObject("Object Repository/Page_CURA Healthcare Service/h2_Appointment Confirmation"), "Appointment Confirmation"): Actual text and expected text of test object 'Object Repository/Page_CURA Healthcare Service/h2_Appointment Confirmation' are matched.

12-04-2024T10:16:13 - [MESSAGE][PASSED] - Actual text and expected text of test object 'Object Repository/Page_CURA Healthcare Service/h2_Appointment Confirmation' are matched.

12-04-2024T10:16:13 - [TEST_STEP][PASSED] - click(findTestObject("Object Repository/Page_CURA Healthcare Service/a_Go to Homepage")): Object: 'Object Repository/Page_CURA Healthcare Service/a_Go to Homepage' is clicked on

12-04-2024T10:16:14 - [MESSAGE][PASSED] - Object: 'Object Repository/Page_CURA Healthcare Service/a_Go to Homepage' is clicked on

12-04-2024T10:16:14 - [TEST_STEP][PASSED] - closeBrowser(): Browser is closed

12-04-2024T10:16:15 - [MESSAGE][PASSED] - Browser is closed]]></system-out>
         <system-err><![CDATA[]]></system-err>
      </testcase>
      <testcase name="Test Cases/Demo/ManualModeDemo" time="31.106" classname="Test Cases/Demo/ManualModeDemo" status="PASSED">
         <system-out><![CDATA[12-04-2024T10:16:15 - [TEST_CASE][PASSED] - Test Cases/Demo/ManualModeDemo: Test Cases/Demo/ManualModeDemo

12-04-2024T10:16:16 - [TEST_STEP][PASSED] - openBrowser(""): Browser is opened with url: ''

12-04-2024T10:16:16 - [MESSAGE][INFO] - Starting 'Chrome' driver

12-04-2024T10:16:16 - [MESSAGE][INFO] - Action delay is set to 0 milliseconds

12-04-2024T10:16:23 - [MESSAGE][PASSED] - Browser is opened with url: ''

12-04-2024T10:16:23 - [TEST_STEP][PASSED] - navigateToUrl("https://opensource-demo.orangehrmlive.com/web/index.php/auth/login"): Navigate to 'https://opensource-demo.orangehrmlive.com/web/index.php/auth/login' successfully

12-04-2024T10:16:37 - [MESSAGE][PASSED] - Navigate to 'https://opensource-demo.orangehrmlive.com/web/index.php/auth/login' successfully

12-04-2024T10:16:37 - [TEST_STEP][PASSED] - setText(findTestObject("Page_OrangeHRM/input_Username_username"), "Admin"): Text 'Admin' is set on object 'Object Repository/Page_OrangeHRM/input_Username_username'

12-04-2024T10:16:40 - [MESSAGE][PASSED] - Text 'Admin' is set on object 'Object Repository/Page_OrangeHRM/input_Username_username'

12-04-2024T10:16:40 - [TEST_STEP][PASSED] - setEncryptedText(findTestObject("Page_OrangeHRM/input_Password_password"), "hUKwJTbofgPU9eVlw/CnDQ=="): Text ****** has been set on object 'Object Repository/Page_OrangeHRM/input_Password_password'

12-04-2024T10:16:41 - [MESSAGE][PASSED] - Text ****** has been set on object 'Object Repository/Page_OrangeHRM/input_Password_password'

12-04-2024T10:16:41 - [TEST_STEP][PASSED] - click(findTestObject("Page_OrangeHRM/button_Login")): Object: 'Object Repository/Page_OrangeHRM/button_Login' is clicked on

12-04-2024T10:16:41 - [MESSAGE][PASSED] - Object: 'Object Repository/Page_OrangeHRM/button_Login' is clicked on

12-04-2024T10:16:41 - [TEST_STEP][PASSED] - verifyTextPresent("Dashboard", false): Text 'Dashboard' is present on page 

12-04-2024T10:16:45 - [MESSAGE][PASSED] - Text 'Dashboard' is present on page 

12-04-2024T10:16:45 - [TEST_STEP][PASSED] - closeBrowser(): Browser is closed

12-04-2024T10:16:46 - [MESSAGE][PASSED] - Browser is closed]]></system-out>
         <system-err><![CDATA[]]></system-err>
      </testcase>
      <testcase name="Test Cases/Demo/ScriptModeDemo" time="41.032" classname="Test Cases/Demo/ScriptModeDemo" status="PASSED">
         <system-out><![CDATA[12-04-2024T10:16:47 - [TEST_CASE][PASSED] - Test Cases/Demo/ScriptModeDemo: Test Cases/Demo/ScriptModeDemo

12-04-2024T10:16:47 - [TEST_STEP][PASSED] - openBrowser(""): Browser is opened with url: ''

12-04-2024T10:16:47 - [MESSAGE][INFO] - Starting 'Chrome' driver

12-04-2024T10:16:47 - [MESSAGE][INFO] - Action delay is set to 0 milliseconds

12-04-2024T10:16:52 - [MESSAGE][PASSED] - Browser is opened with url: ''

12-04-2024T10:16:52 - [TEST_STEP][PASSED] - navigateToUrl("https://opensource-demo.orangehrmlive.com/web/index.php/auth/login"): Navigate to 'https://opensource-demo.orangehrmlive.com/web/index.php/auth/login' successfully

12-04-2024T10:17:18 - [MESSAGE][PASSED] - Navigate to 'https://opensource-demo.orangehrmlive.com/web/index.php/auth/login' successfully

12-04-2024T10:17:18 - [TEST_STEP][PASSED] - setText(findTestObject("Object Repository/Page_OrangeHRM/input_Username_username"), "Admin"): Text 'Admin' is set on object 'Object Repository/Page_OrangeHRM/input_Username_username'

12-04-2024T10:17:21 - [MESSAGE][PASSED] - Text 'Admin' is set on object 'Object Repository/Page_OrangeHRM/input_Username_username'

12-04-2024T10:17:21 - [TEST_STEP][PASSED] - setEncryptedText(findTestObject("Object Repository/Page_OrangeHRM/input_Password_password"), "hUKwJTbofgPU9eVlw/CnDQ=="): Text ****** has been set on object 'Object Repository/Page_OrangeHRM/input_Password_password'

12-04-2024T10:17:21 - [MESSAGE][PASSED] - Text ****** has been set on object 'Object Repository/Page_OrangeHRM/input_Password_password'

12-04-2024T10:17:21 - [TEST_STEP][PASSED] - click(findTestObject("Object Repository/Page_OrangeHRM/button_Login")): Object: 'Object Repository/Page_OrangeHRM/button_Login' is clicked on

12-04-2024T10:17:22 - [MESSAGE][PASSED] - Object: 'Object Repository/Page_OrangeHRM/button_Login' is clicked on

12-04-2024T10:17:22 - [TEST_STEP][PASSED] - verifyTextPresent("Dashboard", false): Text 'Dashboard' is present on page 

12-04-2024T10:17:26 - [MESSAGE][PASSED] - Text 'Dashboard' is present on page 

12-04-2024T10:17:26 - [TEST_STEP][PASSED] - closeBrowser(): Browser is closed

12-04-2024T10:17:28 - [MESSAGE][PASSED] - Browser is closed]]></system-out>
         <system-err><![CDATA[]]></system-err>
      </testcase>
      <system-out><![CDATA[12-04-2024T10:15:41 - [TEST_SUITE][PASSED] - TestSuiteDemo1: Test Cases/Demo/ScriptModeDemo]]></system-out>
      <system-err><![CDATA[]]></system-err>
   </testsuite>
</testsuites>
