<?xml version="1.0" encoding="UTF-8"?>
<testsuites name="TestSuiteDemo1" time="25.4" tests="1" failures="0" errors="0">
   <testsuite name="TestSuiteDemo1" tests="1" failures="0" errors="0" time="25.4" skipped="0" timestamp="10-04-2024T10:14:39" hostname="2227809 - LTIN475584.cts.com" id="Test Suites/TestSuiteDemo1">
      <properties>
         <property name="deviceName" value=""/>
         <property name="devicePlatform" value=""/>
         <property name="logFolder" value="C:\\Users\\2227809\\Katalon Studio\\TrainingDemoProject\\Reports\\20240410_101419\\TestSuiteDemo1\\20240410_101419"/>
         <property name="logFiles" value="C:\\Users\\2227809\\Katalon Studio\\TrainingDemoProject\\Reports\\20240410_101419\\TestSuiteDemo1\\20240410_101419\\execution0.log"/>
         <property name="attachments" value=""/>
         <property name="hostName" value="2227809 - LTIN475584.cts.com"/>
         <property name="os" value="Windows 11 64bit"/>
         <property name="katalonVersion" value="9.4.0.212"/>
         <property name="browser" value="Chrome 120.0.0.0"/>
         <property name="hostAddress" value="192.168.242.202"/>
         <property name="sessionId" value="4863eee813397b305469d4a45d6a3ad2"/>
         <property name="seleniumVersion" value="3.141.59"/>
         <property name="proxyInformation" value="ProxyInformation { proxyOption=NO_PROXY, proxyServerType=HTTP, username=, password=********, proxyServerAddress=, proxyServerPort=0, executionList=&quot;&quot;, isApplyToDesiredCapabilities=true }"/>
         <property name="platform" value="Windows 11"/>
      </properties>
      <testcase name="Test Cases/Demo/ScriptModeDemo" time="25.039" classname="Test Cases/Demo/ScriptModeDemo" status="PASSED">
         <system-out><![CDATA[10-04-2024T10:14:39 - [TEST_CASE][PASSED] - Test Cases/Demo/ScriptModeDemo: Test Cases/Demo/ScriptModeDemo

10-04-2024T10:14:40 - [TEST_STEP][PASSED] - openBrowser(""): Browser is opened with url: ''

10-04-2024T10:14:40 - [MESSAGE][INFO] - Starting 'Chrome' driver

10-04-2024T10:14:40 - [MESSAGE][INFO] - Action delay is set to 0 milliseconds

10-04-2024T10:14:44 - [MESSAGE][PASSED] - Browser is opened with url: ''

10-04-2024T10:14:44 - [TEST_STEP][PASSED] - navigateToUrl("https://opensource-demo.orangehrmlive.com/web/index.php/auth/login"): Navigate to 'https://opensource-demo.orangehrmlive.com/web/index.php/auth/login' successfully

10-04-2024T10:14:57 - [MESSAGE][PASSED] - Navigate to 'https://opensource-demo.orangehrmlive.com/web/index.php/auth/login' successfully

10-04-2024T10:14:57 - [TEST_STEP][PASSED] - setText(findTestObject("Object Repository/Page_OrangeHRM/input_Username_username"), "Admin"): Text 'Admin' is set on object 'Object Repository/Page_OrangeHRM/input_Username_username'

10-04-2024T10:14:58 - [MESSAGE][PASSED] - Text 'Admin' is set on object 'Object Repository/Page_OrangeHRM/input_Username_username'

10-04-2024T10:14:58 - [TEST_STEP][PASSED] - setEncryptedText(findTestObject("Object Repository/Page_OrangeHRM/input_Password_password"), "hUKwJTbofgPU9eVlw/CnDQ=="): Text ****** has been set on object 'Object Repository/Page_OrangeHRM/input_Password_password'

10-04-2024T10:14:59 - [MESSAGE][PASSED] - Text ****** has been set on object 'Object Repository/Page_OrangeHRM/input_Password_password'

10-04-2024T10:14:59 - [TEST_STEP][PASSED] - click(findTestObject("Object Repository/Page_OrangeHRM/button_Login")): Object: 'Object Repository/Page_OrangeHRM/button_Login' is clicked on

10-04-2024T10:14:59 - [MESSAGE][PASSED] - Object: 'Object Repository/Page_OrangeHRM/button_Login' is clicked on

10-04-2024T10:14:59 - [TEST_STEP][PASSED] - verifyTextPresent("Dashboard", false): Text 'Dashboard' is present on page 

10-04-2024T10:15:03 - [MESSAGE][PASSED] - Text 'Dashboard' is present on page 

10-04-2024T10:15:03 - [TEST_STEP][PASSED] - closeBrowser(): Browser is closed

10-04-2024T10:15:04 - [MESSAGE][PASSED] - Browser is closed]]></system-out>
         <system-err><![CDATA[]]></system-err>
      </testcase>
      <system-out><![CDATA[10-04-2024T10:14:39 - [TEST_SUITE][PASSED] - TestSuiteDemo1: Test Cases/Demo/ScriptModeDemo]]></system-out>
      <system-err><![CDATA[]]></system-err>
   </testsuite>
</testsuites>
