<?xml version="1.0" encoding="UTF-8"?>
<testsuites name="TestSuiteDemo1" time="32.634" tests="1" failures="0" errors="0">
   <testsuite name="TestSuiteDemo1" tests="1" failures="0" errors="0" time="32.634" skipped="0" timestamp="09-04-2024T12:22:55" hostname="2227809 - LTIN475584.cts.com" id="Test Suites/TestSuiteDemo1">
      <properties>
         <property name="deviceName" value=""/>
         <property name="devicePlatform" value=""/>
         <property name="logFolder" value="C:\\Users\\2227809\\Katalon Studio\\TrainingDemoProject\\Reports\\20240409_122245\\TestSuiteDemo1\\20240409_122246"/>
         <property name="logFiles" value="C:\\Users\\2227809\\Katalon Studio\\TrainingDemoProject\\Reports\\20240409_122245\\TestSuiteDemo1\\20240409_122246\\execution0.log"/>
         <property name="attachments" value=""/>
         <property name="hostName" value="2227809 - LTIN475584.cts.com"/>
         <property name="os" value="Windows 11 64bit"/>
         <property name="katalonVersion" value="9.4.0.212"/>
         <property name="browser" value="Chrome 120.0.0.0"/>
         <property name="hostAddress" value="192.168.101.5"/>
         <property name="sessionId" value="bb3a8c898e1dd7860c774c89d260b812"/>
         <property name="seleniumVersion" value="3.141.59"/>
         <property name="proxyInformation" value="ProxyInformation { proxyOption=NO_PROXY, proxyServerType=HTTP, username=, password=********, proxyServerAddress=, proxyServerPort=0, executionList=&quot;&quot;, isApplyToDesiredCapabilities=true }"/>
         <property name="platform" value="Windows 11"/>
      </properties>
      <testcase name="Test Cases/Demo/ScriptModeDemo" time="32.477" classname="Test Cases/Demo/ScriptModeDemo" status="PASSED">
         <system-out><![CDATA[09-04-2024T12:22:55 - [TEST_CASE][PASSED] - Test Cases/Demo/ScriptModeDemo: Test Cases/Demo/ScriptModeDemo

09-04-2024T12:22:55 - [TEST_STEP][PASSED] - openBrowser(""): Browser is opened with url: ''

09-04-2024T12:22:56 - [MESSAGE][INFO] - Starting 'Chrome' driver

09-04-2024T12:22:56 - [MESSAGE][INFO] - Action delay is set to 0 milliseconds

09-04-2024T12:22:59 - [MESSAGE][PASSED] - Browser is opened with url: ''

09-04-2024T12:22:59 - [TEST_STEP][PASSED] - navigateToUrl("https://opensource-demo.orangehrmlive.com/web/index.php/auth/login"): Navigate to 'https://opensource-demo.orangehrmlive.com/web/index.php/auth/login' successfully

09-04-2024T12:23:17 - [MESSAGE][PASSED] - Navigate to 'https://opensource-demo.orangehrmlive.com/web/index.php/auth/login' successfully

09-04-2024T12:23:17 - [TEST_STEP][PASSED] - setText(findTestObject("Object Repository/Page_OrangeHRM/input_Username_username"), "Admin"): Text 'Admin' is set on object 'Object Repository/Page_OrangeHRM/input_Username_username'

09-04-2024T12:23:20 - [MESSAGE][PASSED] - Text 'Admin' is set on object 'Object Repository/Page_OrangeHRM/input_Username_username'

09-04-2024T12:23:20 - [TEST_STEP][PASSED] - setEncryptedText(findTestObject("Object Repository/Page_OrangeHRM/input_Password_password"), "hUKwJTbofgPU9eVlw/CnDQ=="): Text ****** has been set on object 'Object Repository/Page_OrangeHRM/input_Password_password'

09-04-2024T12:23:21 - [MESSAGE][PASSED] - Text ****** has been set on object 'Object Repository/Page_OrangeHRM/input_Password_password'

09-04-2024T12:23:21 - [TEST_STEP][PASSED] - click(findTestObject("Object Repository/Page_OrangeHRM/button_Login")): Object: 'Object Repository/Page_OrangeHRM/button_Login' is clicked on

09-04-2024T12:23:25 - [MESSAGE][PASSED] - Object: 'Object Repository/Page_OrangeHRM/button_Login' is clicked on

09-04-2024T12:23:25 - [TEST_STEP][PASSED] - verifyTextPresent("Dashboard", false): Text 'Dashboard' is present on page 

09-04-2024T12:23:26 - [MESSAGE][PASSED] - Text 'Dashboard' is present on page 

09-04-2024T12:23:26 - [TEST_STEP][PASSED] - closeBrowser(): Browser is closed

09-04-2024T12:23:28 - [MESSAGE][PASSED] - Browser is closed]]></system-out>
         <system-err><![CDATA[]]></system-err>
      </testcase>
      <system-out><![CDATA[09-04-2024T12:22:55 - [TEST_SUITE][PASSED] - TestSuiteDemo1: Test Cases/Demo/ScriptModeDemo]]></system-out>
      <system-err><![CDATA[]]></system-err>
   </testsuite>
</testsuites>
