<?xml version="1.0" encoding="UTF-8"?>
<testsuites name="TestSuiteDemo1" time="74.689" tests="3" failures="0" errors="0">
   <testsuite name="TestSuiteDemo1" tests="3" failures="0" errors="0" time="74.689" skipped="0" timestamp="09-04-2024T12:05:19" hostname="2227809 - LTIN475584.cts.com" id="Test Suites/TestSuiteDemo1">
      <properties>
         <property name="deviceName" value=""/>
         <property name="devicePlatform" value=""/>
         <property name="logFolder" value="C:\\Users\\2227809\\Katalon Studio\\TrainingDemoProject\\Reports\\20240409_120504\\TestSuiteDemo1\\20240409_120504"/>
         <property name="logFiles" value="C:\\Users\\2227809\\Katalon Studio\\TrainingDemoProject\\Reports\\20240409_120504\\TestSuiteDemo1\\20240409_120504\\execution0.log"/>
         <property name="attachments" value=""/>
         <property name="hostName" value="2227809 - LTIN475584.cts.com"/>
         <property name="os" value="Windows 11 64bit"/>
         <property name="katalonVersion" value="9.4.0.212"/>
         <property name="browser" value="Chrome 120.0.0.0"/>
         <property name="hostAddress" value="192.168.101.5"/>
         <property name="sessionId" value="386d55e179543ff53f102546650bc467"/>
         <property name="seleniumVersion" value="3.141.59"/>
         <property name="proxyInformation" value="ProxyInformation { proxyOption=NO_PROXY, proxyServerType=HTTP, username=, password=********, proxyServerAddress=, proxyServerPort=0, executionList=&quot;&quot;, isApplyToDesiredCapabilities=true }"/>
         <property name="platform" value="Windows 11"/>
      </properties>
      <testcase name="Test Cases/Demo/RecordDemo" time="15.985" classname="Test Cases/Demo/RecordDemo" status="PASSED">
         <system-out><![CDATA[09-04-2024T12:05:19 - [TEST_CASE][PASSED] - Test Cases/Demo/RecordDemo: Test Cases/Demo/RecordDemo

09-04-2024T12:05:20 - [TEST_STEP][PASSED] - openBrowser(""): Browser is opened with url: ''

09-04-2024T12:05:20 - [MESSAGE][INFO] - Starting 'Chrome' driver

09-04-2024T12:05:20 - [MESSAGE][INFO] - Action delay is set to 0 milliseconds

09-04-2024T12:05:23 - [MESSAGE][PASSED] - Browser is opened with url: ''

09-04-2024T12:05:23 - [TEST_STEP][PASSED] - navigateToUrl("https://katalon-demo-cura.herokuapp.com/"): Navigate to 'https://katalon-demo-cura.herokuapp.com/' successfully

09-04-2024T12:05:26 - [MESSAGE][PASSED] - Navigate to 'https://katalon-demo-cura.herokuapp.com/' successfully

09-04-2024T12:05:26 - [TEST_STEP][PASSED] - click(findTestObject("Object Repository/Page_CURA Healthcare Service/a_Make Appointment")): Object: 'Object Repository/Page_CURA Healthcare Service/a_Make Appointment' is clicked on

09-04-2024T12:05:27 - [MESSAGE][PASSED] - Object: 'Object Repository/Page_CURA Healthcare Service/a_Make Appointment' is clicked on

09-04-2024T12:05:27 - [TEST_STEP][PASSED] - setText(findTestObject("Object Repository/Page_CURA Healthcare Service/input_Username_username"), "John Doe"): Text 'John Doe' is set on object 'Object Repository/Page_CURA Healthcare Service/input_Username_username'

09-04-2024T12:05:28 - [MESSAGE][PASSED] - Text 'John Doe' is set on object 'Object Repository/Page_CURA Healthcare Service/input_Username_username'

09-04-2024T12:05:28 - [TEST_STEP][PASSED] - setEncryptedText(findTestObject("Object Repository/Page_CURA Healthcare Service/input_Password_password"), "g3/DOGG74jC3Flrr3yH+3D/yKbOqqUNM"): Text ****** has been set on object 'Object Repository/Page_CURA Healthcare Service/input_Password_password'

09-04-2024T12:05:28 - [MESSAGE][PASSED] - Text ****** has been set on object 'Object Repository/Page_CURA Healthcare Service/input_Password_password'

09-04-2024T12:05:28 - [TEST_STEP][PASSED] - click(findTestObject("Object Repository/Page_CURA Healthcare Service/button_Login")): Object: 'Object Repository/Page_CURA Healthcare Service/button_Login' is clicked on

09-04-2024T12:05:29 - [MESSAGE][PASSED] - Object: 'Object Repository/Page_CURA Healthcare Service/button_Login' is clicked on

09-04-2024T12:05:29 - [TEST_STEP][PASSED] - selectOptionByValue(findTestObject("Object Repository/Page_CURA Healthcare Service/select_Tokyo CURA Healthcare Center        _5b4107"), "Hongkong CURA Healthcare Center", true): All options with value 'Hongkong CURA Healthcare Center' are selected in object 'Object Repository/Page_CURA Healthcare Service/select_Tokyo CURA Healthcare Center        _5b4107'  using regular expression

09-04-2024T12:05:30 - [MESSAGE][PASSED] - All options with value 'Hongkong CURA Healthcare Center' are selected in object 'Object Repository/Page_CURA Healthcare Service/select_Tokyo CURA Healthcare Center        _5b4107'  using regular expression

09-04-2024T12:05:30 - [TEST_STEP][PASSED] - click(findTestObject("Object Repository/Page_CURA Healthcare Service/input_Apply for hospital readmission_hospit_63901f")): Object: 'Object Repository/Page_CURA Healthcare Service/input_Apply for hospital readmission_hospit_63901f' is clicked on

09-04-2024T12:05:30 - [MESSAGE][PASSED] - Object: 'Object Repository/Page_CURA Healthcare Service/input_Apply for hospital readmission_hospit_63901f' is clicked on

09-04-2024T12:05:30 - [TEST_STEP][PASSED] - click(findTestObject("Object Repository/Page_CURA Healthcare Service/input_Medicaid_programs")): Object: 'Object Repository/Page_CURA Healthcare Service/input_Medicaid_programs' is clicked on

09-04-2024T12:05:31 - [MESSAGE][PASSED] - Object: 'Object Repository/Page_CURA Healthcare Service/input_Medicaid_programs' is clicked on

09-04-2024T12:05:31 - [TEST_STEP][PASSED] - click(findTestObject("Object Repository/Page_CURA Healthcare Service/span_Visit Date (Required)_glyphicon glyphi_cada34")): Object: 'Object Repository/Page_CURA Healthcare Service/span_Visit Date (Required)_glyphicon glyphi_cada34' is clicked on

09-04-2024T12:05:31 - [MESSAGE][PASSED] - Object: 'Object Repository/Page_CURA Healthcare Service/span_Visit Date (Required)_glyphicon glyphi_cada34' is clicked on

09-04-2024T12:05:31 - [TEST_STEP][PASSED] - click(findTestObject("Object Repository/Page_CURA Healthcare Service/td_30")): Object: 'Object Repository/Page_CURA Healthcare Service/td_30' is clicked on

09-04-2024T12:05:32 - [MESSAGE][PASSED] - Object: 'Object Repository/Page_CURA Healthcare Service/td_30' is clicked on

09-04-2024T12:05:32 - [TEST_STEP][PASSED] - setText(findTestObject("Object Repository/Page_CURA Healthcare Service/textarea_Comment_comment"), "This is a sample comment"): Text 'This is a sample comment' is set on object 'Object Repository/Page_CURA Healthcare Service/textarea_Comment_comment'

09-04-2024T12:05:33 - [MESSAGE][PASSED] - Text 'This is a sample comment' is set on object 'Object Repository/Page_CURA Healthcare Service/textarea_Comment_comment'

09-04-2024T12:05:33 - [TEST_STEP][PASSED] - click(findTestObject("Object Repository/Page_CURA Healthcare Service/button_Book Appointment")): Object: 'Object Repository/Page_CURA Healthcare Service/button_Book Appointment' is clicked on

09-04-2024T12:05:33 - [MESSAGE][PASSED] - Object: 'Object Repository/Page_CURA Healthcare Service/button_Book Appointment' is clicked on

09-04-2024T12:05:33 - [TEST_STEP][PASSED] - verifyElementText(findTestObject("Object Repository/Page_CURA Healthcare Service/h2_Appointment Confirmation"), "Appointment Confirmation"): Actual text and expected text of test object 'Object Repository/Page_CURA Healthcare Service/h2_Appointment Confirmation' are matched.

09-04-2024T12:05:34 - [MESSAGE][PASSED] - Actual text and expected text of test object 'Object Repository/Page_CURA Healthcare Service/h2_Appointment Confirmation' are matched.

09-04-2024T12:05:34 - [TEST_STEP][PASSED] - click(findTestObject("Object Repository/Page_CURA Healthcare Service/a_Go to Homepage")): Object: 'Object Repository/Page_CURA Healthcare Service/a_Go to Homepage' is clicked on

09-04-2024T12:05:34 - [MESSAGE][PASSED] - Object: 'Object Repository/Page_CURA Healthcare Service/a_Go to Homepage' is clicked on

09-04-2024T12:05:34 - [TEST_STEP][PASSED] - closeBrowser(): Browser is closed

09-04-2024T12:05:35 - [MESSAGE][PASSED] - Browser is closed]]></system-out>
         <system-err><![CDATA[]]></system-err>
      </testcase>
      <testcase name="Test Cases/Demo/ManualModeDemo" time="39.969" classname="Test Cases/Demo/ManualModeDemo" status="PASSED">
         <system-out><![CDATA[09-04-2024T12:05:35 - [TEST_CASE][PASSED] - Test Cases/Demo/ManualModeDemo: Test Cases/Demo/ManualModeDemo

09-04-2024T12:05:36 - [TEST_STEP][PASSED] - openBrowser(""): Browser is opened with url: ''

09-04-2024T12:05:36 - [MESSAGE][INFO] - Starting 'Chrome' driver

09-04-2024T12:05:36 - [MESSAGE][INFO] - Action delay is set to 0 milliseconds

09-04-2024T12:05:38 - [MESSAGE][PASSED] - Browser is opened with url: ''

09-04-2024T12:05:38 - [TEST_STEP][PASSED] - navigateToUrl("https://opensource-demo.orangehrmlive.com/web/index.php/auth/login"): Navigate to 'https://opensource-demo.orangehrmlive.com/web/index.php/auth/login' successfully

09-04-2024T12:06:02 - [MESSAGE][PASSED] - Navigate to 'https://opensource-demo.orangehrmlive.com/web/index.php/auth/login' successfully

09-04-2024T12:06:02 - [TEST_STEP][PASSED] - setText(findTestObject("Page_OrangeHRM/input_Username_username"), "Admin"): Text 'Admin' is set on object 'Object Repository/Page_OrangeHRM/input_Username_username'

09-04-2024T12:06:04 - [MESSAGE][PASSED] - Text 'Admin' is set on object 'Object Repository/Page_OrangeHRM/input_Username_username'

09-04-2024T12:06:04 - [TEST_STEP][PASSED] - setEncryptedText(findTestObject("Page_OrangeHRM/input_Password_password"), "hUKwJTbofgPU9eVlw/CnDQ=="): Text ****** has been set on object 'Object Repository/Page_OrangeHRM/input_Password_password'

09-04-2024T12:06:04 - [MESSAGE][PASSED] - Text ****** has been set on object 'Object Repository/Page_OrangeHRM/input_Password_password'

09-04-2024T12:06:04 - [TEST_STEP][PASSED] - click(findTestObject("Page_OrangeHRM/button_Login")): Object: 'Object Repository/Page_OrangeHRM/button_Login' is clicked on

09-04-2024T12:06:05 - [MESSAGE][PASSED] - Object: 'Object Repository/Page_OrangeHRM/button_Login' is clicked on

09-04-2024T12:06:05 - [TEST_STEP][PASSED] - verifyTextPresent("Dashboard", false): Text 'Dashboard' is present on page 

09-04-2024T12:06:14 - [MESSAGE][PASSED] - Text 'Dashboard' is present on page 

09-04-2024T12:06:14 - [TEST_STEP][PASSED] - closeBrowser(): Browser is closed

09-04-2024T12:06:15 - [MESSAGE][PASSED] - Browser is closed]]></system-out>
         <system-err><![CDATA[]]></system-err>
      </testcase>
      <testcase name="Test Cases/Demo/ScriptModeDemo" time="18.567" classname="Test Cases/Demo/ScriptModeDemo" status="PASSED">
         <system-out><![CDATA[09-04-2024T12:06:15 - [TEST_CASE][PASSED] - Test Cases/Demo/ScriptModeDemo: Test Cases/Demo/ScriptModeDemo

09-04-2024T12:06:15 - [TEST_STEP][PASSED] - openBrowser(""): Browser is opened with url: ''

09-04-2024T12:06:15 - [MESSAGE][INFO] - Starting 'Chrome' driver

09-04-2024T12:06:15 - [MESSAGE][INFO] - Action delay is set to 0 milliseconds

09-04-2024T12:06:18 - [MESSAGE][PASSED] - Browser is opened with url: ''

09-04-2024T12:06:18 - [TEST_STEP][PASSED] - navigateToUrl("https://opensource-demo.orangehrmlive.com/web/index.php/auth/login"): Navigate to 'https://opensource-demo.orangehrmlive.com/web/index.php/auth/login' successfully

09-04-2024T12:06:28 - [MESSAGE][PASSED] - Navigate to 'https://opensource-demo.orangehrmlive.com/web/index.php/auth/login' successfully

09-04-2024T12:06:28 - [TEST_STEP][PASSED] - setText(findTestObject("Object Repository/Page_OrangeHRM/input_Username_username"), "Admin"): Text 'Admin' is set on object 'Object Repository/Page_OrangeHRM/input_Username_username'

09-04-2024T12:06:29 - [MESSAGE][PASSED] - Text 'Admin' is set on object 'Object Repository/Page_OrangeHRM/input_Username_username'

09-04-2024T12:06:29 - [TEST_STEP][PASSED] - setEncryptedText(findTestObject("Object Repository/Page_OrangeHRM/input_Password_password"), "hUKwJTbofgPU9eVlw/CnDQ=="): Text ****** has been set on object 'Object Repository/Page_OrangeHRM/input_Password_password'

09-04-2024T12:06:29 - [MESSAGE][PASSED] - Text ****** has been set on object 'Object Repository/Page_OrangeHRM/input_Password_password'

09-04-2024T12:06:29 - [TEST_STEP][PASSED] - click(findTestObject("Object Repository/Page_OrangeHRM/button_Login")): Object: 'Object Repository/Page_OrangeHRM/button_Login' is clicked on

09-04-2024T12:06:31 - [MESSAGE][PASSED] - Object: 'Object Repository/Page_OrangeHRM/button_Login' is clicked on

09-04-2024T12:06:31 - [TEST_STEP][PASSED] - verifyTextPresent("Dashboard", false): Text 'Dashboard' is present on page 

09-04-2024T12:06:33 - [MESSAGE][PASSED] - Text 'Dashboard' is present on page 

09-04-2024T12:06:33 - [TEST_STEP][PASSED] - closeBrowser(): Browser is closed

09-04-2024T12:06:34 - [MESSAGE][PASSED] - Browser is closed]]></system-out>
         <system-err><![CDATA[]]></system-err>
      </testcase>
      <system-out><![CDATA[09-04-2024T12:05:19 - [TEST_SUITE][PASSED] - TestSuiteDemo1: Test Cases/Demo/ScriptModeDemo]]></system-out>
      <system-err><![CDATA[]]></system-err>
   </testsuite>
</testsuites>
